[21:10:41] [main/INFO] ========================================
[21:10:41] [main/INFO] Minecraft: 1.19.2
[21:10:41] [main/INFO] Side: server
[21:10:41] [main/INFO] Development: false
[21:10:41] [main/INFO] Version: 9.1.587
[21:10:41] [main/INFO] Loader:
[21:10:41] [main/INFO] - Fabric: 0.14.13
[21:10:41] [main/INFO] - Fabric API: 0.73.0+1.19.2
[21:10:41] [main/INFO] Dependencies:
[21:10:41] [main/INFO] - Cloth Config: 8.2.88
[21:10:41] [main/INFO] - Architectury: 6.4.62
[21:10:41] [main/INFO] Mixin: 0.8.5
[21:10:41] [main/INFO] OS: Windows 10 10.0 (amd64)
[21:10:41] [main/INFO] Java: 17.0.1 (Oracle Corporation)
[21:10:41] [main/INFO] ========================================
[21:10:41] [main/INFO] Mods:
[21:10:41] [main/INFO] - appleskin: 2.4.1+mc1.19
[21:10:41] [main/INFO] - architectury: 6.4.62
[21:10:41] [main/INFO] - badpackets: 0.2.1
[21:10:41] [main/INFO] - betteradvancements: 0.2.2.142
[21:10:41] [main/INFO] - byg: 2.0.0.13
[21:10:41] [main/INFO] - chiselsandbits: 1.3.126
[21:10:41] [main/INFO] - cloth-basic-math: 0.6.1
[21:10:41] [main/INFO] - cloth-config: 8.2.88
[21:10:41] [main/INFO] - cloth-config: 8.2.88
[21:10:41] [main/INFO] - com_electronwill_night-config_core: 3.6.6
[21:10:41] [main/INFO] - com_electronwill_night-config_toml: 3.6.6
[21:10:41] [main/INFO] - com_github_llamalad7_mixinextras: 0.1.1
[21:10:41] [main/INFO] - com_google_code_findbugs_jsr305: 3.0.2
[21:10:41] [main/INFO] - create: 0.5.0g-796+1.19.2
[21:10:41] [main/INFO] - decorative_blocks: 3.0.0
[21:10:41] [main/INFO] - dripstone_fluid_lib: 2.0.1
[21:10:41] [main/INFO] - error_notifier: 1.0.9
[21:10:41] [main/INFO] - fabric-api: 0.73.0+1.19.2
[21:10:41] [main/INFO] - fabric-api: 0.73.0+1.19.2
[21:10:41] [main/INFO] - fabric-api-base: 0.4.14+6e0787e690
[21:10:41] [main/INFO] - fabric-api-lookup-api-v1: 1.6.13+93d8cb8290
[21:10:41] [main/INFO] - fabric-biome-api-v1: 9.1.0+82db024a90
[21:10:41] [main/INFO] - fabric-block-api-v1: 1.0.2+e415d50e90
[21:10:41] [main/INFO] - fabric-command-api-v1: 1.2.15+f71b366f90
[21:10:41] [main/INFO] - fabric-command-api-v2: 2.2.0+413cbbc790
[21:10:41] [main/INFO] - fabric-commands-v0: 0.2.32+df3654b390
[21:10:41] [main/INFO] - fabric-containers-v0: 0.1.40+df3654b390
[21:10:41] [main/INFO] - fabric-content-registries-v0: 3.5.0+7c6cd14d90
[21:10:41] [main/INFO] - fabric-convention-tags-v1: 1.2.1+27265b3490
[21:10:41] [main/INFO] - fabric-crash-report-info-v1: 0.2.8+aeb40ebe90
[21:10:41] [main/INFO] - fabric-data-generation-api-v1: 5.3.6+413cbbc790
[21:10:41] [main/INFO] - fabric-dimensions-v1: 2.1.34+0d0f210290
[21:10:41] [main/INFO] - fabric-entity-events-v1: 1.5.3+9244241690
[21:10:41] [main/INFO] - fabric-events-interaction-v0: 0.4.33+562bff6e90
[21:10:41] [main/INFO] - fabric-events-lifecycle-v0: 0.2.34+df3654b390
[21:10:41] [main/INFO] - fabric-game-rule-api-v1: 1.0.24+b6b6abb490
[21:10:41] [main/INFO] - fabric-item-api-v1: 1.6.4+693ffc0590
[21:10:41] [main/INFO] - fabric-item-groups-v0: 0.3.37+9244241690
[21:10:41] [main/INFO] - fabric-lifecycle-events-v1: 2.2.3+1b46dc7890
[21:10:41] [main/INFO] - fabric-loot-api-v2: 1.1.11+83a8659290
[21:10:41] [main/INFO] - fabric-loot-tables-v1: 1.1.14+9e7660c690
[21:10:41] [main/INFO] - fabric-message-api-v1: 5.0.6+93d8cb8290
[21:10:41] [main/INFO] - fabric-mining-level-api-v1: 2.1.22+33fbc73890
[21:10:41] [main/INFO] - fabric-networking-api-v1: 1.2.10+10eb22f490
[21:10:41] [main/INFO] - fabric-networking-v0: 0.3.27+df3654b390
[21:10:41] [main/INFO] - fabric-object-builder-api-v1: 4.2.0+d8ef690890
[21:10:41] [main/INFO] - fabric-particles-v1: 1.0.13+4d0d570390
[21:10:41] [main/INFO] - fabric-recipe-api-v1: 1.0.0+413cbbc790
[21:10:41] [main/INFO] - fabric-registry-sync-v0: 0.9.31+9244241690
[21:10:41] [main/INFO] - fabric-rendering-data-attachment-v1: 0.3.18+6e0787e690
[21:10:41] [main/INFO] - fabric-rendering-fluids-v1: 3.0.10+4d0d570390
[21:10:41] [main/INFO] - fabric-resource-conditions-api-v1: 2.1.2+aae9039d90
[21:10:41] [main/INFO] - fabric-resource-loader-v0: 0.8.3+251d254a90
[21:10:41] [main/INFO] - fabric-screen-handler-api-v1: 1.3.6+1cc24b1b90
[21:10:41] [main/INFO] - fabric-transfer-api-v1: 2.1.5+413cbbc790
[21:10:41] [main/INFO] - fabric-transitive-access-wideners-v1: 1.3.3+08b73de490
[21:10:41] [main/INFO] - fabricloader: 0.14.13
[21:10:41] [main/INFO] - fake-player-api: 0.5.0
[21:10:41] [main/INFO] - forge_tags: 3.0
[21:10:41] [main/INFO] - forgeconfigapiport: 4.2.6
[21:10:41] [main/INFO] - gravestones: v1.13
[21:10:41] [main/INFO] - java: 17
[21:10:41] [main/INFO] - lithium: 0.10.4
[21:10:41] [main/INFO] - milk: 1.0.51
[21:10:41] [main/INFO] - minecraft: 1.19.2
[21:10:41] [main/INFO] - mm: 2.3
[21:10:41] [main/INFO] - org_lz4_lz4-pure-java: 1.8.0
[21:10:41] [main/INFO] - phosphor: 0.8.1
[21:10:41] [main/INFO] - porting_lib: 2.1.623+1.19.2
[21:10:41] [main/INFO] - porting_lib_accessors: 2.1.623+1.19.2
[21:10:41] [main/INFO] - porting_lib_attributes: 2.1.623+1.19.2
[21:10:41] [main/INFO] - porting_lib_base: 2.1.623+1.19.2
[21:10:41] [main/INFO] - porting_lib_common: 2.1.623+1.19.2
[21:10:41] [main/INFO] - porting_lib_constants: 2.1.623+1.19.2
[21:10:41] [main/INFO] - porting_lib_entity: 2.1.623+1.19.2
[21:10:41] [main/INFO] - porting_lib_extensions: 2.1.623+1.19.2
[21:10:41] [main/INFO] - porting_lib_lazy_registration: 2.1.623+1.19.2
[21:10:41] [main/INFO] - porting_lib_model_generators: 2.1.623+1.19.2
[21:10:41] [main/INFO] - porting_lib_model_loader: 2.1.623+1.19.2
[21:10:41] [main/INFO] - porting_lib_models: 2.1.623+1.19.2
[21:10:41] [main/INFO] - porting_lib_networking: 2.1.623+1.19.2
[21:10:41] [main/INFO] - porting_lib_obj_loader: 2.1.623+1.19.2
[21:10:41] [main/INFO] - porting_lib_transfer: 2.1.623+1.19.2
[21:10:41] [main/INFO] - reach-entity-attributes: 2.3.0
[21:10:41] [main/INFO] - registrate-fabric: 1.1.44-MC1.19.2
[21:10:41] [main/INFO] - roughlyenoughitems: 9.1.587
[21:10:41] [main/INFO] - saeculariacaudices: 1.0.14
[21:10:41] [main/INFO] - scena: 1.0.92
[21:10:41] [main/INFO] - serialization_hooks: 0.3.26
[21:10:41] [main/INFO] - terrablender: 2.0.1.130
[21:10:41] [main/INFO] - wthit: 5.13.5
[21:10:41] [main/INFO] - xaerominimap: 22.17.1
[21:10:41] [main/INFO] ========================================
[21:10:41] [main/INFO] [REI] Registered plugin provider DefaultPlugin [roughlyenoughitems] for REIPlugin
[21:10:41] [main/INFO] [REI] Registered plugin provider DefaultRuntimePlugin [roughlyenoughitems] for REIPlugin
[21:10:41] [main/INFO] [REI] Registered plugin provider DefaultPlugin [roughlyenoughitems] for REIServerPlugin
[21:10:41] [main/INFO] [REI] Registered plugin provider DefaultRuntimePlugin [roughlyenoughitems] for REIServerPlugin
[21:10:41] [main/INFO] [REI] Registered plugin provider FabricFluidAPISupportPlugin for REIServerPlugin
[21:10:41] [main/INFO] [REI] Registered plugin provider FabricFluidAPISupportPlugin for REIPlugin
[21:11:10] [Worker-Main-1/DEBUG] [REI] Processed 0 tags in 53.30 μs for minecraft:worldgen/flat_level_generator_preset
[21:11:10] [Worker-Main-4/DEBUG] [REI] Processed 0 tags in 22.80 μs for minecraft:worldgen/structure
[21:11:10] [Worker-Main-4/DEBUG] [REI] Processed 0 tags in 12.60 μs for minecraft:dimension_type
[21:11:10] [Worker-Main-2/DEBUG] [REI] Processed 0 tags in 11.40 μs for minecraft:worldgen/world_preset
[21:11:10] [Worker-Main-1/DEBUG] [REI] Processed 5 tags in 2.348 ms for minecraft:game_event
[21:11:10] [Worker-Main-2/DEBUG] [REI] Processed 11 tags in 117.3 μs for minecraft:fluid
[21:11:10] [Worker-Main-1/DEBUG] [REI] Processed 5 tags in 77.80 μs for minecraft:enchantment
[21:11:10] [Worker-Main-5/DEBUG] [REI] Processed 1 tags in 101.1 μs for minecraft:painting_variant
[21:11:10] [Worker-Main-2/DEBUG] [REI] Processed 18 tags in 233.3 μs for minecraft:entity_type
[21:11:10] [Worker-Main-3/DEBUG] [REI] Processed 0 tags in 6.701 ms for minecraft:worldgen/biome
[21:11:10] [Worker-Main-5/DEBUG] [REI] Processed 3 tags in 1.201 ms for minecraft:point_of_interest_type
[21:11:10] [Worker-Main-7/DEBUG] [REI] Processed 7 tags in 255.8 μs for minecraft:banner_pattern
[21:11:11] [Worker-Main-5/DEBUG] [REI] Processed 2 tags in 77.70 μs for minecraft:cat_variant
[21:11:11] [Worker-Main-2/DEBUG] [REI] Processed 3 tags in 34.80 μs for minecraft:instrument
[21:11:11] [Worker-Main-4/DEBUG] [REI] Processed 612 tags in 8.068 ms for minecraft:block
[21:11:11] [Worker-Main-1/DEBUG] [REI] Processed 651 tags in 7.583 ms for minecraft:item
[21:11:16] [main/TRACE] [REI] [START] Reloading Section: "pre-register/"
[21:11:17] [main/TRACE] [REI] [START] Reloading Section: "pre-register/DefaultPlugin of DefaultPlugin [roughlyenoughitems]/"
[21:11:17] [main/TRACE] [REI] [START] Reloading Section: "pre-register/DefaultPlugin of DefaultPlugin [roughlyenoughitems]/" done in 57.46 ms
[21:11:17] [main/TRACE] [REI] [START] Reloading Section: "pre-register/FabricFluidAPISupportPlugin/"
[21:11:17] [main/TRACE] [REI] [START] Reloading Section: "pre-register/FabricFluidAPISupportPlugin/" done in 24.50 μs
[21:11:17] [main/TRACE] [REI] [START] Reloading Section: "pre-register/DefaultRuntimePlugin of DefaultRuntimePlugin [roughlyenoughitems]/"
[21:11:17] [main/TRACE] [REI] [START] Reloading Section: "pre-register/DefaultRuntimePlugin of DefaultRuntimePlugin [roughlyenoughitems]/" done in 19.50 μs
[21:11:17] [main/TRACE] [REI] [START] Reloading Section: "pre-register/" done in 182.0 ms
[21:11:17] [main/TRACE] [REI] [START] Reloading Section: "pre-register/"
[21:11:17] [main/TRACE] [REI] [START] Reloading Section: "pre-register/DefaultPlugin of DefaultPlugin [roughlyenoughitems]/"
[21:11:17] [main/TRACE] [REI] [START] Reloading Section: "pre-register/DefaultPlugin of DefaultPlugin [roughlyenoughitems]/" done in 24.70 μs
[21:11:17] [main/TRACE] [REI] [START] Reloading Section: "pre-register/FabricFluidAPISupportPlugin/"
[21:11:17] [main/TRACE] [REI] [START] Reloading Section: "pre-register/FabricFluidAPISupportPlugin/" done in 220.5 μs
[21:11:17] [main/TRACE] [REI] [START] Reloading Section: "pre-register/DefaultRuntimePlugin of DefaultRuntimePlugin [roughlyenoughitems]/"
[21:11:17] [main/TRACE] [REI] [START] Reloading Section: "pre-register/DefaultRuntimePlugin of DefaultRuntimePlugin [roughlyenoughitems]/" done in 24.60 μs
[21:11:17] [main/TRACE] [REI] [START] Reloading Section: "pre-register/" done in 1.907 ms
[21:11:17] [main/TRACE] [REI] [START] Reloading Section: "start-reload/"
[21:11:17] [main/TRACE] [REI] [START] Reloading Section: "start-reload/EntryTypeRegistryImpl/"
[21:11:17] [main/TRACE] [REI] [START] Reloading Section: "start-reload/EntryTypeRegistryImpl/" done in 1.474 ms
[21:11:17] [main/TRACE] [REI] [START] Reloading Section: "start-reload/EntrySettingsAdapterRegistryImpl/"
[21:11:17] [main/TRACE] [REI] [START] Reloading Section: "start-reload/EntrySettingsAdapterRegistryImpl/" done in 44.80 μs
[21:11:17] [main/TRACE] [REI] [START] Reloading Section: "start-reload/RecipeManagerContextImpl/"
[21:11:17] [main/TRACE] [REI] [START] Reloading Section: "start-reload/RecipeManagerContextImpl/" done in 55.00 μs
[21:11:17] [main/TRACE] [REI] [START] Reloading Section: "start-reload/ItemComparatorRegistryImpl/"
[21:11:17] [main/TRACE] [REI] [START] Reloading Section: "start-reload/ItemComparatorRegistryImpl/" done in 73.60 μs
[21:11:17] [main/TRACE] [REI] [START] Reloading Section: "start-reload/FluidComparatorRegistryImpl/"
[21:11:17] [main/TRACE] [REI] [START] Reloading Section: "start-reload/FluidComparatorRegistryImpl/" done in 27.50 μs
[21:11:17] [main/TRACE] [REI] [START] Reloading Section: "start-reload/DisplaySerializerRegistryImpl/"
[21:11:17] [main/TRACE] [REI] [START] Reloading Section: "start-reload/DisplaySerializerRegistryImpl/" done in 21.00 μs
[21:11:17] [main/TRACE] [REI] [START] Reloading Section: "start-reload/FluidSupportProviderImpl/"
[21:11:17] [main/TRACE] [REI] [START] Reloading Section: "start-reload/FluidSupportProviderImpl/" done in 49.40 μs
[21:11:17] [main/TRACE] [REI] [START] Reloading Section: "start-reload/" done in 7.238 ms
[21:11:17] [main/INFO] [REI] Reloading Plugin Manager [REIPlugin] stage [START], registered 3 plugins: DefaultRuntimePlugin of DefaultRuntimePlugin [roughlyenoughitems], FabricFluidAPISupportPlugin, DefaultPlugin of DefaultPlugin [roughlyenoughitems]
[21:11:17] [main/TRACE] [REI] [START] Reloading Section: "reloadable-plugin/EntryTypeRegistryImpl/"
[21:11:17] [main/TRACE] [REI] [START] Reloading Section: "reloadable-plugin/EntryTypeRegistryImpl/DefaultPlugin of DefaultPlugin [roughlyenoughitems]/"
[21:11:17] [main/TRACE] [REI] [START] Reloading Section: "reloadable-plugin/EntryTypeRegistryImpl/DefaultPlugin of DefaultPlugin [roughlyenoughitems]/" done in 1.177 ms
[21:11:17] [main/TRACE] [REI] [START] Reloading Section: "reloadable-plugin/EntryTypeRegistryImpl/FabricFluidAPISupportPlugin/"
[21:11:17] [main/TRACE] [REI] [START] Reloading Section: "reloadable-plugin/EntryTypeRegistryImpl/FabricFluidAPISupportPlugin/" done in 30.40 μs
[21:11:17] [main/TRACE] [REI] [START] Reloading Section: "reloadable-plugin/EntryTypeRegistryImpl/DefaultRuntimePlugin of DefaultRuntimePlugin [roughlyenoughitems]/"
[21:11:17] [main/TRACE] [REI] [START] Reloading Section: "reloadable-plugin/EntryTypeRegistryImpl/DefaultRuntimePlugin of DefaultRuntimePlugin [roughlyenoughitems]/" done in 47.40 ms
[21:11:17] [main/TRACE] [REI] [START] Reloading Section: "reloadable-plugin/EntryTypeRegistryImpl/" done in 52.33 ms
[21:11:17] [main/TRACE] [REI] [START] Reloading Section: "reloadable-plugin/EntrySettingsAdapterRegistryImpl/"
[21:11:17] [main/TRACE] [REI] [START] Reloading Section: "reloadable-plugin/EntrySettingsAdapterRegistryImpl/DefaultPlugin of DefaultPlugin [roughlyenoughitems]/"
[21:11:17] [main/TRACE] [REI] [START] Reloading Section: "reloadable-plugin/EntrySettingsAdapterRegistryImpl/DefaultPlugin of DefaultPlugin [roughlyenoughitems]/" done in 27.70 μs
[21:11:17] [main/TRACE] [REI] [START] Reloading Section: "reloadable-plugin/EntrySettingsAdapterRegistryImpl/FabricFluidAPISupportPlugin/"
[21:11:17] [main/TRACE] [REI] [START] Reloading Section: "reloadable-plugin/EntrySettingsAdapterRegistryImpl/FabricFluidAPISupportPlugin/" done in 32.80 μs
[21:11:17] [main/TRACE] [REI] [START] Reloading Section: "reloadable-plugin/EntrySettingsAdapterRegistryImpl/DefaultRuntimePlugin of DefaultRuntimePlugin [roughlyenoughitems]/"
[21:11:17] [main/TRACE] [REI] [START] Reloading Section: "reloadable-plugin/EntrySettingsAdapterRegistryImpl/DefaultRuntimePlugin of DefaultRuntimePlugin [roughlyenoughitems]/" done in 28.60 μs
[21:11:17] [main/TRACE] [REI] [START] Reloading Section: "reloadable-plugin/EntrySettingsAdapterRegistryImpl/" done in 1.857 ms
[21:11:17] [main/TRACE] [REI] [START] Reloading Section: "reloadable-plugin/RecipeManagerContextImpl/"
[21:11:17] [main/TRACE] [REI] [START] Reloading Section: "reloadable-plugin/RecipeManagerContextImpl/DefaultPlugin of DefaultPlugin [roughlyenoughitems]/"
[21:11:17] [main/TRACE] [REI] [START] Reloading Section: "reloadable-plugin/RecipeManagerContextImpl/DefaultPlugin of DefaultPlugin [roughlyenoughitems]/" done in 25.10 μs
[21:11:17] [main/TRACE] [REI] [START] Reloading Section: "reloadable-plugin/RecipeManagerContextImpl/FabricFluidAPISupportPlugin/"
[21:11:17] [main/TRACE] [REI] [START] Reloading Section: "reloadable-plugin/RecipeManagerContextImpl/FabricFluidAPISupportPlugin/" done in 40.00 μs
[21:11:17] [main/TRACE] [REI] [START] Reloading Section: "reloadable-plugin/RecipeManagerContextImpl/DefaultRuntimePlugin of DefaultRuntimePlugin [roughlyenoughitems]/"
[21:11:17] [main/TRACE] [REI] [START] Reloading Section: "reloadable-plugin/RecipeManagerContextImpl/DefaultRuntimePlugin of DefaultRuntimePlugin [roughlyenoughitems]/" done in 40.20 μs
[21:11:17] [main/TRACE] [REI] [START] Reloading Section: "reloadable-plugin/RecipeManagerContextImpl/" done in 32.56 ms
[21:11:17] [main/TRACE] [REI] [START] Reloading Section: "reloadable-plugin/ItemComparatorRegistryImpl/"
[21:11:17] [main/TRACE] [REI] [START] Reloading Section: "reloadable-plugin/ItemComparatorRegistryImpl/DefaultPlugin of DefaultPlugin [roughlyenoughitems]/"
[21:11:17] [main/TRACE] [REI] [START] Reloading Section: "reloadable-plugin/ItemComparatorRegistryImpl/DefaultPlugin of DefaultPlugin [roughlyenoughitems]/" done in 1.937 ms
[21:11:17] [main/TRACE] [REI] [START] Reloading Section: "reloadable-plugin/ItemComparatorRegistryImpl/FabricFluidAPISupportPlugin/"
[21:11:17] [main/TRACE] [REI] [START] Reloading Section: "reloadable-plugin/ItemComparatorRegistryImpl/FabricFluidAPISupportPlugin/" done in 60.40 μs
[21:11:17] [main/TRACE] [REI] [START] Reloading Section: "reloadable-plugin/ItemComparatorRegistryImpl/DefaultRuntimePlugin of DefaultRuntimePlugin [roughlyenoughitems]/"
[21:11:17] [main/TRACE] [REI] [START] Reloading Section: "reloadable-plugin/ItemComparatorRegistryImpl/DefaultRuntimePlugin of DefaultRuntimePlugin [roughlyenoughitems]/" done in 32.00 μs
[21:11:17] [main/TRACE] [REI] [START] Reloading Section: "reloadable-plugin/ItemComparatorRegistryImpl/" done in 3.276 ms
[21:11:17] [main/TRACE] [REI] [START] Reloading Section: "reloadable-plugin/FluidComparatorRegistryImpl/"
[21:11:17] [main/TRACE] [REI] [START] Reloading Section: "reloadable-plugin/FluidComparatorRegistryImpl/DefaultPlugin of DefaultPlugin [roughlyenoughitems]/"
[21:11:17] [main/TRACE] [REI] [START] Reloading Section: "reloadable-plugin/FluidComparatorRegistryImpl/DefaultPlugin of DefaultPlugin [roughlyenoughitems]/" done in 54.20 μs
[21:11:17] [main/TRACE] [REI] [START] Reloading Section: "reloadable-plugin/FluidComparatorRegistryImpl/FabricFluidAPISupportPlugin/"
[21:11:17] [main/TRACE] [REI] [START] Reloading Section: "reloadable-plugin/FluidComparatorRegistryImpl/FabricFluidAPISupportPlugin/" done in 25.20 μs
[21:11:17] [main/TRACE] [REI] [START] Reloading Section: "reloadable-plugin/FluidComparatorRegistryImpl/DefaultRuntimePlugin of DefaultRuntimePlugin [roughlyenoughitems]/"
[21:11:17] [main/TRACE] [REI] [START] Reloading Section: "reloadable-plugin/FluidComparatorRegistryImpl/DefaultRuntimePlugin of DefaultRuntimePlugin [roughlyenoughitems]/" done in 27.20 μs
[21:11:17] [main/TRACE] [REI] [START] Reloading Section: "reloadable-plugin/FluidComparatorRegistryImpl/" done in 2.522 ms
[21:11:17] [main/TRACE] [REI] [START] Reloading Section: "reloadable-plugin/DisplaySerializerRegistryImpl/"
[21:11:17] [main/TRACE] [REI] [START] Reloading Section: "reloadable-plugin/DisplaySerializerRegistryImpl/DefaultPlugin of DefaultPlugin [roughlyenoughitems]/"
[21:11:17] [main/TRACE] [REI] [START] Reloading Section: "reloadable-plugin/DisplaySerializerRegistryImpl/DefaultPlugin of DefaultPlugin [roughlyenoughitems]/" done in 26.60 μs
[21:11:17] [main/TRACE] [REI] [START] Reloading Section: "reloadable-plugin/DisplaySerializerRegistryImpl/FabricFluidAPISupportPlugin/"
[21:11:17] [main/TRACE] [REI] [START] Reloading Section: "reloadable-plugin/DisplaySerializerRegistryImpl/FabricFluidAPISupportPlugin/" done in 23.80 μs
[21:11:17] [main/TRACE] [REI] [START] Reloading Section: "reloadable-plugin/DisplaySerializerRegistryImpl/DefaultRuntimePlugin of DefaultRuntimePlugin [roughlyenoughitems]/"
[21:11:17] [main/TRACE] [REI] [START] Reloading Section: "reloadable-plugin/DisplaySerializerRegistryImpl/DefaultRuntimePlugin of DefaultRuntimePlugin [roughlyenoughitems]/" done in 26.50 μs
[21:11:17] [main/TRACE] [REI] [START] Reloading Section: "reloadable-plugin/DisplaySerializerRegistryImpl/" done in 1.148 ms
[21:11:17] [main/TRACE] [REI] [START] Reloading Section: "reloadable-plugin/FluidSupportProviderImpl/"
[21:11:17] [main/TRACE] [REI] [START] Reloading Section: "reloadable-plugin/FluidSupportProviderImpl/DefaultPlugin of DefaultPlugin [roughlyenoughitems]/"
[21:11:17] [main/TRACE] [REI] [START] Reloading Section: "reloadable-plugin/FluidSupportProviderImpl/DefaultPlugin of DefaultPlugin [roughlyenoughitems]/" done in 10.48 ms
[21:11:17] [main/TRACE] [REI] [START] Reloading Section: "reloadable-plugin/FluidSupportProviderImpl/FabricFluidAPISupportPlugin/"
[21:11:17] [main/TRACE] [REI] [START] Reloading Section: "reloadable-plugin/FluidSupportProviderImpl/FabricFluidAPISupportPlugin/" done in 482.3 μs
[21:11:17] [main/TRACE] [REI] [START] Reloading Section: "reloadable-plugin/FluidSupportProviderImpl/DefaultRuntimePlugin of DefaultRuntimePlugin [roughlyenoughitems]/"
[21:11:17] [main/TRACE] [REI] [START] Reloading Section: "reloadable-plugin/FluidSupportProviderImpl/DefaultRuntimePlugin of DefaultRuntimePlugin [roughlyenoughitems]/" done in 58.90 μs
[21:11:17] [main/TRACE] [REI] [START] Reloading Section: "reloadable-plugin/FluidSupportProviderImpl/" done in 12.77 ms
[21:11:17] [main/TRACE] [REI] [START] Reloading Section: "end-reload/"
[21:11:17] [main/TRACE] [REI] [START] Reloading Section: "end-reload/EntryTypeRegistryImpl/"
[21:11:17] [main/TRACE] [REI] [START] Reloading Section: "end-reload/EntryTypeRegistryImpl/" done in 36.60 μs
[21:11:17] [main/TRACE] [REI] [START] Reloading Section: "end-reload/EntrySettingsAdapterRegistryImpl/"
[21:11:17] [main/TRACE] [REI] [START] Reloading Section: "end-reload/EntrySettingsAdapterRegistryImpl/" done in 18.10 μs
[21:11:17] [main/TRACE] [REI] [START] Reloading Section: "end-reload/RecipeManagerContextImpl/"
[21:11:17] [main/TRACE] [REI] [START] Reloading Section: "end-reload/RecipeManagerContextImpl/" done in 21.00 μs
[21:11:17] [main/TRACE] [REI] [START] Reloading Section: "end-reload/ItemComparatorRegistryImpl/"
[21:11:17] [main/TRACE] [REI] [START] Reloading Section: "end-reload/ItemComparatorRegistryImpl/" done in 26.90 μs
[21:11:17] [main/TRACE] [REI] [START] Reloading Section: "end-reload/FluidComparatorRegistryImpl/"
[21:11:17] [main/TRACE] [REI] [START] Reloading Section: "end-reload/FluidComparatorRegistryImpl/" done in 17.50 μs
[21:11:17] [main/TRACE] [REI] [START] Reloading Section: "end-reload/DisplaySerializerRegistryImpl/"
[21:11:17] [main/TRACE] [REI] [START] Reloading Section: "end-reload/DisplaySerializerRegistryImpl/" done in 15.90 μs
[21:11:17] [main/TRACE] [REI] [START] Reloading Section: "end-reload/FluidSupportProviderImpl/"
[21:11:17] [main/TRACE] [REI] [START] Reloading Section: "end-reload/FluidSupportProviderImpl/" done in 16.20 μs
[21:11:17] [main/TRACE] [REI] [START] Reloading Section: "end-reload/" done in 3.473 ms
[21:11:17] [main/TRACE] [REI] [START] Reloading Section: "start-reload/"
[21:11:17] [main/TRACE] [REI] [START] Reloading Section: "start-reload/MenuInfoRegistryImpl/"
[21:11:17] [main/TRACE] [REI] [START] Reloading Section: "start-reload/MenuInfoRegistryImpl/" done in 20.80 μs
[21:11:17] [main/TRACE] [REI] [START] Reloading Section: "start-reload/" done in 377.5 μs
[21:11:17] [main/INFO] [REI] Reloading Plugin Manager [REIServerPlugin] stage [START], registered 3 plugins: DefaultRuntimePlugin of DefaultRuntimePlugin [roughlyenoughitems], FabricFluidAPISupportPlugin, DefaultPlugin of DefaultPlugin [roughlyenoughitems]
[21:11:17] [main/TRACE] [REI] [START] Reloading Section: "reloadable-plugin/MenuInfoRegistryImpl/"
[21:11:17] [main/TRACE] [REI] [START] Reloading Section: "reloadable-plugin/MenuInfoRegistryImpl/DefaultPlugin of DefaultPlugin [roughlyenoughitems]/"
[21:11:17] [main/TRACE] [REI] [START] Reloading Section: "reloadable-plugin/MenuInfoRegistryImpl/DefaultPlugin of DefaultPlugin [roughlyenoughitems]/" done in 25.80 μs
[21:11:17] [main/TRACE] [REI] [START] Reloading Section: "reloadable-plugin/MenuInfoRegistryImpl/FabricFluidAPISupportPlugin/"
[21:11:17] [main/TRACE] [REI] [START] Reloading Section: "reloadable-plugin/MenuInfoRegistryImpl/FabricFluidAPISupportPlugin/" done in 21.00 μs
[21:11:17] [main/TRACE] [REI] [START] Reloading Section: "reloadable-plugin/MenuInfoRegistryImpl/DefaultRuntimePlugin of DefaultRuntimePlugin [roughlyenoughitems]/"
[21:11:17] [main/TRACE] [REI] [START] Reloading Section: "reloadable-plugin/MenuInfoRegistryImpl/DefaultRuntimePlugin of DefaultRuntimePlugin [roughlyenoughitems]/" done in 34.30 μs
[21:11:17] [main/TRACE] [REI] [START] Reloading Section: "reloadable-plugin/MenuInfoRegistryImpl/" done in 3.330 ms
[21:11:17] [main/TRACE] [REI] [START] Reloading Section: "end-reload/"
[21:11:17] [main/TRACE] [REI] [START] Reloading Section: "end-reload/MenuInfoRegistryImpl/"
[21:11:17] [main/TRACE] [REI] [START] Reloading Section: "end-reload/MenuInfoRegistryImpl/" done in 26.90 μs
[21:11:17] [main/TRACE] [REI] [START] Reloading Section: "end-reload/" done in 2.939 ms
[21:11:17] [main/TRACE] [REI] [START] Reloading Section: "post-register/"
[21:11:17] [main/TRACE] [REI] [START] Reloading Section: "post-register/DefaultPlugin of DefaultPlugin [roughlyenoughitems]/"
[21:11:17] [main/TRACE] [REI] [START] Reloading Section: "post-register/DefaultPlugin of DefaultPlugin [roughlyenoughitems]/" done in 545.0 μs
[21:11:17] [main/TRACE] [REI] [START] Reloading Section: "post-register/FabricFluidAPISupportPlugin/"
[21:11:17] [main/TRACE] [REI] [START] Reloading Section: "post-register/FabricFluidAPISupportPlugin/" done in 57.10 μs
[21:11:17] [main/TRACE] [REI] [START] Reloading Section: "post-register/DefaultRuntimePlugin of DefaultRuntimePlugin [roughlyenoughitems]/"
[21:11:17] [main/TRACE] [REI] [START] Reloading Section: "post-register/DefaultRuntimePlugin of DefaultRuntimePlugin [roughlyenoughitems]/" done in 38.40 μs
[21:11:17] [main/TRACE] [REI] [START] Reloading Section: "post-register/" done in 2.847 ms
[21:11:17] [main/INFO] [REI] Reloaded Plugin Manager [REIPlugin] with 3 plugins in 474.2 ms.
[21:11:17] [main/TRACE] [REI] [START] Reloading Section: "post-register/"
[21:11:17] [main/TRACE] [REI] [START] Reloading Section: "post-register/DefaultPlugin of DefaultPlugin [roughlyenoughitems]/"
[21:11:17] [main/TRACE] [REI] [START] Reloading Section: "post-register/DefaultPlugin of DefaultPlugin [roughlyenoughitems]/" done in 51.70 μs
[21:11:17] [main/TRACE] [REI] [START] Reloading Section: "post-register/FabricFluidAPISupportPlugin/"
[21:11:17] [main/TRACE] [REI] [START] Reloading Section: "post-register/FabricFluidAPISupportPlugin/" done in 21.00 μs
[21:11:17] [main/TRACE] [REI] [START] Reloading Section: "post-register/DefaultRuntimePlugin of DefaultRuntimePlugin [roughlyenoughitems]/"
[21:11:17] [main/TRACE] [REI] [START] Reloading Section: "post-register/DefaultRuntimePlugin of DefaultRuntimePlugin [roughlyenoughitems]/" done in 16.80 μs
[21:11:17] [main/TRACE] [REI] [START] Reloading Section: "post-register/" done in 915.7 μs
[21:11:17] [main/INFO] [REI] Reloaded Plugin Manager [REIServerPlugin] with 3 plugins in 73.30 ms.
[21:11:17] [main/TRACE] [REI] [END] Reloading Section: "pre-register/"
[21:11:17] [main/TRACE] [REI] [END] Reloading Section: "pre-register/DefaultPlugin of DefaultPlugin [roughlyenoughitems]/"
[21:11:17] [main/TRACE] [REI] [END] Reloading Section: "pre-register/DefaultPlugin of DefaultPlugin [roughlyenoughitems]/" done in 127.4 μs
[21:11:17] [main/TRACE] [REI] [END] Reloading Section: "pre-register/FabricFluidAPISupportPlugin/"
[21:11:17] [main/TRACE] [REI] [END] Reloading Section: "pre-register/FabricFluidAPISupportPlugin/" done in 22.50 μs
[21:11:17] [main/TRACE] [REI] [END] Reloading Section: "pre-register/DefaultRuntimePlugin of DefaultRuntimePlugin [roughlyenoughitems]/"
[21:11:17] [main/TRACE] [REI] [END] Reloading Section: "pre-register/DefaultRuntimePlugin of DefaultRuntimePlugin [roughlyenoughitems]/" done in 20.20 μs
[21:11:17] [main/TRACE] [REI] [END] Reloading Section: "pre-register/" done in 1.308 ms
[21:11:17] [main/TRACE] [REI] [END] Reloading Section: "pre-register/"
[21:11:17] [main/TRACE] [REI] [END] Reloading Section: "pre-register/DefaultPlugin of DefaultPlugin [roughlyenoughitems]/"
[21:11:17] [main/TRACE] [REI] [END] Reloading Section: "pre-register/DefaultPlugin of DefaultPlugin [roughlyenoughitems]/" done in 17.50 μs
[21:11:17] [main/TRACE] [REI] [END] Reloading Section: "pre-register/FabricFluidAPISupportPlugin/"
[21:11:17] [main/TRACE] [REI] [END] Reloading Section: "pre-register/FabricFluidAPISupportPlugin/" done in 465.4 μs
[21:11:17] [main/TRACE] [REI] [END] Reloading Section: "pre-register/DefaultRuntimePlugin of DefaultRuntimePlugin [roughlyenoughitems]/"
[21:11:17] [main/TRACE] [REI] [END] Reloading Section: "pre-register/DefaultRuntimePlugin of DefaultRuntimePlugin [roughlyenoughitems]/" done in 29.30 μs
[21:11:17] [main/TRACE] [REI] [END] Reloading Section: "pre-register/" done in 2.402 ms
[21:11:17] [main/TRACE] [REI] [END] Reloading Section: "start-reload/"
[21:11:17] [main/TRACE] [REI] [END] Reloading Section: "start-reload/EntryTypeRegistryImpl/"
[21:11:17] [main/TRACE] [REI] [END] Reloading Section: "start-reload/EntryTypeRegistryImpl/" done in 28.30 μs
[21:11:17] [main/TRACE] [REI] [END] Reloading Section: "start-reload/EntrySettingsAdapterRegistryImpl/"
[21:11:17] [main/TRACE] [REI] [END] Reloading Section: "start-reload/EntrySettingsAdapterRegistryImpl/" done in 48.20 μs
[21:11:17] [main/TRACE] [REI] [END] Reloading Section: "start-reload/RecipeManagerContextImpl/"
[21:11:17] [main/TRACE] [REI] [END] Reloading Section: "start-reload/RecipeManagerContextImpl/" done in 17.80 μs
[21:11:17] [main/TRACE] [REI] [END] Reloading Section: "start-reload/ItemComparatorRegistryImpl/"
[21:11:17] [main/TRACE] [REI] [END] Reloading Section: "start-reload/ItemComparatorRegistryImpl/" done in 19.80 μs
[21:11:17] [main/TRACE] [REI] [END] Reloading Section: "start-reload/FluidComparatorRegistryImpl/"
[21:11:17] [main/TRACE] [REI] [END] Reloading Section: "start-reload/FluidComparatorRegistryImpl/" done in 23.40 μs
[21:11:17] [main/TRACE] [REI] [END] Reloading Section: "start-reload/DisplaySerializerRegistryImpl/"
[21:11:17] [main/TRACE] [REI] [END] Reloading Section: "start-reload/DisplaySerializerRegistryImpl/" done in 47.10 μs
[21:11:17] [main/TRACE] [REI] [END] Reloading Section: "start-reload/FluidSupportProviderImpl/"
[21:11:17] [main/TRACE] [REI] [END] Reloading Section: "start-reload/FluidSupportProviderImpl/" done in 20.40 μs
[21:11:17] [main/TRACE] [REI] [END] Reloading Section: "start-reload/" done in 2.457 ms
[21:11:17] [main/INFO] [REI] Reloading Plugin Manager [REIPlugin] stage [END], registered 3 plugins: DefaultRuntimePlugin of DefaultRuntimePlugin [roughlyenoughitems], FabricFluidAPISupportPlugin, DefaultPlugin of DefaultPlugin [roughlyenoughitems]
[21:11:17] [main/TRACE] [REI] [END] Reloading Section: "reloadable-plugin/EntryTypeRegistryImpl/"
[21:11:17] [main/TRACE] [REI] [END] Reloading Section: "reloadable-plugin/EntryTypeRegistryImpl/DefaultPlugin of DefaultPlugin [roughlyenoughitems]/"
[21:11:17] [main/TRACE] [REI] [END] Reloading Section: "reloadable-plugin/EntryTypeRegistryImpl/DefaultPlugin of DefaultPlugin [roughlyenoughitems]/" done in 26.50 μs
[21:11:17] [main/TRACE] [REI] [END] Reloading Section: "reloadable-plugin/EntryTypeRegistryImpl/FabricFluidAPISupportPlugin/"
[21:11:17] [main/TRACE] [REI] [END] Reloading Section: "reloadable-plugin/EntryTypeRegistryImpl/FabricFluidAPISupportPlugin/" done in 26.10 μs
[21:11:17] [main/TRACE] [REI] [END] Reloading Section: "reloadable-plugin/EntryTypeRegistryImpl/DefaultRuntimePlugin of DefaultRuntimePlugin [roughlyenoughitems]/"
[21:11:17] [main/TRACE] [REI] [END] Reloading Section: "reloadable-plugin/EntryTypeRegistryImpl/DefaultRuntimePlugin of DefaultRuntimePlugin [roughlyenoughitems]/" done in 30.10 μs
[21:11:17] [main/TRACE] [REI] [END] Reloading Section: "reloadable-plugin/EntryTypeRegistryImpl/" done in 1.024 ms
[21:11:17] [main/TRACE] [REI] [END] Reloading Section: "reloadable-plugin/EntrySettingsAdapterRegistryImpl/"
[21:11:17] [main/TRACE] [REI] [END] Reloading Section: "reloadable-plugin/EntrySettingsAdapterRegistryImpl/DefaultPlugin of DefaultPlugin [roughlyenoughitems]/"
[21:11:17] [main/TRACE] [REI] [END] Reloading Section: "reloadable-plugin/EntrySettingsAdapterRegistryImpl/DefaultPlugin of DefaultPlugin [roughlyenoughitems]/" done in 47.20 μs
[21:11:17] [main/TRACE] [REI] [END] Reloading Section: "reloadable-plugin/EntrySettingsAdapterRegistryImpl/FabricFluidAPISupportPlugin/"
[21:11:17] [main/TRACE] [REI] [END] Reloading Section: "reloadable-plugin/EntrySettingsAdapterRegistryImpl/FabricFluidAPISupportPlugin/" done in 21.80 μs
[21:11:17] [main/TRACE] [REI] [END] Reloading Section: "reloadable-plugin/EntrySettingsAdapterRegistryImpl/DefaultRuntimePlugin of DefaultRuntimePlugin [roughlyenoughitems]/"
[21:11:17] [main/TRACE] [REI] [END] Reloading Section: "reloadable-plugin/EntrySettingsAdapterRegistryImpl/DefaultRuntimePlugin of DefaultRuntimePlugin [roughlyenoughitems]/" done in 24.40 μs
[21:11:17] [main/TRACE] [REI] [END] Reloading Section: "reloadable-plugin/EntrySettingsAdapterRegistryImpl/" done in 929.1 μs
[21:11:17] [main/TRACE] [REI] [END] Reloading Section: "reloadable-plugin/RecipeManagerContextImpl/"
[21:11:17] [main/TRACE] [REI] [END] Reloading Section: "reloadable-plugin/RecipeManagerContextImpl/DefaultPlugin of DefaultPlugin [roughlyenoughitems]/"
[21:11:17] [main/TRACE] [REI] [END] Reloading Section: "reloadable-plugin/RecipeManagerContextImpl/DefaultPlugin of DefaultPlugin [roughlyenoughitems]/" done in 28.80 μs
[21:11:17] [main/TRACE] [REI] [END] Reloading Section: "reloadable-plugin/RecipeManagerContextImpl/FabricFluidAPISupportPlugin/"
[21:11:17] [main/TRACE] [REI] [END] Reloading Section: "reloadable-plugin/RecipeManagerContextImpl/FabricFluidAPISupportPlugin/" done in 22.10 μs
[21:11:17] [main/TRACE] [REI] [END] Reloading Section: "reloadable-plugin/RecipeManagerContextImpl/DefaultRuntimePlugin of DefaultRuntimePlugin [roughlyenoughitems]/"
[21:11:17] [main/TRACE] [REI] [END] Reloading Section: "reloadable-plugin/RecipeManagerContextImpl/DefaultRuntimePlugin of DefaultRuntimePlugin [roughlyenoughitems]/" done in 24.80 μs
[21:11:17] [main/TRACE] [REI] [END] Reloading Section: "reloadable-plugin/RecipeManagerContextImpl/" done in 1.211 ms
[21:11:17] [main/TRACE] [REI] [END] Reloading Section: "reloadable-plugin/ItemComparatorRegistryImpl/"
[21:11:17] [main/TRACE] [REI] [END] Reloading Section: "reloadable-plugin/ItemComparatorRegistryImpl/DefaultPlugin of DefaultPlugin [roughlyenoughitems]/"
[21:11:17] [main/TRACE] [REI] [END] Reloading Section: "reloadable-plugin/ItemComparatorRegistryImpl/DefaultPlugin of DefaultPlugin [roughlyenoughitems]/" done in 21.80 μs
[21:11:17] [main/TRACE] [REI] [END] Reloading Section: "reloadable-plugin/ItemComparatorRegistryImpl/FabricFluidAPISupportPlugin/"
[21:11:17] [main/TRACE] [REI] [END] Reloading Section: "reloadable-plugin/ItemComparatorRegistryImpl/FabricFluidAPISupportPlugin/" done in 20.50 μs
[21:11:17] [main/TRACE] [REI] [END] Reloading Section: "reloadable-plugin/ItemComparatorRegistryImpl/DefaultRuntimePlugin of DefaultRuntimePlugin [roughlyenoughitems]/"
[21:11:17] [main/TRACE] [REI] [END] Reloading Section: "reloadable-plugin/ItemComparatorRegistryImpl/DefaultRuntimePlugin of DefaultRuntimePlugin [roughlyenoughitems]/" done in 22.00 μs
[21:11:17] [main/TRACE] [REI] [END] Reloading Section: "reloadable-plugin/ItemComparatorRegistryImpl/" done in 864.6 μs
[21:11:17] [main/TRACE] [REI] [END] Reloading Section: "reloadable-plugin/FluidComparatorRegistryImpl/"
[21:11:17] [main/TRACE] [REI] [END] Reloading Section: "reloadable-plugin/FluidComparatorRegistryImpl/DefaultPlugin of DefaultPlugin [roughlyenoughitems]/"
[21:11:17] [main/TRACE] [REI] [END] Reloading Section: "reloadable-plugin/FluidComparatorRegistryImpl/DefaultPlugin of DefaultPlugin [roughlyenoughitems]/" done in 21.20 μs
[21:11:17] [main/TRACE] [REI] [END] Reloading Section: "reloadable-plugin/FluidComparatorRegistryImpl/FabricFluidAPISupportPlugin/"
[21:11:17] [main/TRACE] [REI] [END] Reloading Section: "reloadable-plugin/FluidComparatorRegistryImpl/FabricFluidAPISupportPlugin/" done in 23.00 μs
[21:11:17] [main/TRACE] [REI] [END] Reloading Section: "reloadable-plugin/FluidComparatorRegistryImpl/DefaultRuntimePlugin of DefaultRuntimePlugin [roughlyenoughitems]/"
[21:11:17] [main/TRACE] [REI] [END] Reloading Section: "reloadable-plugin/FluidComparatorRegistryImpl/DefaultRuntimePlugin of DefaultRuntimePlugin [roughlyenoughitems]/" done in 125.3 μs
[21:11:17] [main/TRACE] [REI] [END] Reloading Section: "reloadable-plugin/FluidComparatorRegistryImpl/" done in 986.3 μs
[21:11:17] [main/TRACE] [REI] [END] Reloading Section: "reloadable-plugin/DisplaySerializerRegistryImpl/"
[21:11:17] [main/TRACE] [REI] [END] Reloading Section: "reloadable-plugin/DisplaySerializerRegistryImpl/DefaultPlugin of DefaultPlugin [roughlyenoughitems]/"
[21:11:17] [main/TRACE] [REI] [END] Reloading Section: "reloadable-plugin/DisplaySerializerRegistryImpl/DefaultPlugin of DefaultPlugin [roughlyenoughitems]/" done in 137.7 ms
[21:11:17] [main/TRACE] [REI] [END] Reloading Section: "reloadable-plugin/DisplaySerializerRegistryImpl/FabricFluidAPISupportPlugin/"
[21:11:17] [main/TRACE] [REI] [END] Reloading Section: "reloadable-plugin/DisplaySerializerRegistryImpl/FabricFluidAPISupportPlugin/" done in 53.00 μs
[21:11:17] [main/TRACE] [REI] [END] Reloading Section: "reloadable-plugin/DisplaySerializerRegistryImpl/DefaultRuntimePlugin of DefaultRuntimePlugin [roughlyenoughitems]/"
[21:11:17] [main/TRACE] [REI] [END] Reloading Section: "reloadable-plugin/DisplaySerializerRegistryImpl/DefaultRuntimePlugin of DefaultRuntimePlugin [roughlyenoughitems]/" done in 23.40 μs
[21:11:17] [main/TRACE] [REI] [END] Reloading Section: "reloadable-plugin/DisplaySerializerRegistryImpl/" done in 138.7 ms
[21:11:17] [main/TRACE] [REI] [END] Reloading Section: "reloadable-plugin/FluidSupportProviderImpl/"
[21:11:17] [main/TRACE] [REI] [END] Reloading Section: "reloadable-plugin/FluidSupportProviderImpl/DefaultPlugin of DefaultPlugin [roughlyenoughitems]/"
[21:11:17] [main/TRACE] [REI] [END] Reloading Section: "reloadable-plugin/FluidSupportProviderImpl/DefaultPlugin of DefaultPlugin [roughlyenoughitems]/" done in 18.40 μs
[21:11:17] [main/TRACE] [REI] [END] Reloading Section: "reloadable-plugin/FluidSupportProviderImpl/FabricFluidAPISupportPlugin/"
[21:11:17] [main/TRACE] [REI] [END] Reloading Section: "reloadable-plugin/FluidSupportProviderImpl/FabricFluidAPISupportPlugin/" done in 18.40 μs
[21:11:17] [main/TRACE] [REI] [END] Reloading Section: "reloadable-plugin/FluidSupportProviderImpl/DefaultRuntimePlugin of DefaultRuntimePlugin [roughlyenoughitems]/"
[21:11:17] [main/TRACE] [REI] [END] Reloading Section: "reloadable-plugin/FluidSupportProviderImpl/DefaultRuntimePlugin of DefaultRuntimePlugin [roughlyenoughitems]/" done in 18.90 μs
[21:11:17] [main/TRACE] [REI] [END] Reloading Section: "reloadable-plugin/FluidSupportProviderImpl/" done in 19.89 ms
[21:11:17] [main/TRACE] [REI] [END] Reloading Section: "end-reload/"
[21:11:17] [main/TRACE] [REI] [END] Reloading Section: "end-reload/EntryTypeRegistryImpl/"
[21:11:17] [main/TRACE] [REI] [END] Reloading Section: "end-reload/EntryTypeRegistryImpl/" done in 11.60 μs
[21:11:17] [main/TRACE] [REI] [END] Reloading Section: "end-reload/EntrySettingsAdapterRegistryImpl/"
[21:11:17] [main/TRACE] [REI] [END] Reloading Section: "end-reload/EntrySettingsAdapterRegistryImpl/" done in 13.50 μs
[21:11:17] [main/TRACE] [REI] [END] Reloading Section: "end-reload/RecipeManagerContextImpl/"
[21:11:17] [main/TRACE] [REI] [END] Reloading Section: "end-reload/RecipeManagerContextImpl/" done in 21.90 μs
[21:11:17] [main/TRACE] [REI] [END] Reloading Section: "end-reload/ItemComparatorRegistryImpl/"
[21:11:17] [main/TRACE] [REI] [END] Reloading Section: "end-reload/ItemComparatorRegistryImpl/" done in 13.10 μs
[21:11:17] [main/TRACE] [REI] [END] Reloading Section: "end-reload/FluidComparatorRegistryImpl/"
[21:11:17] [main/TRACE] [REI] [END] Reloading Section: "end-reload/FluidComparatorRegistryImpl/" done in 12.40 μs
[21:11:17] [main/TRACE] [REI] [END] Reloading Section: "end-reload/DisplaySerializerRegistryImpl/"
[21:11:17] [main/TRACE] [REI] [END] Reloading Section: "end-reload/DisplaySerializerRegistryImpl/" done in 11.60 μs
[21:11:17] [main/TRACE] [REI] [END] Reloading Section: "end-reload/FluidSupportProviderImpl/"
[21:11:17] [main/TRACE] [REI] [END] Reloading Section: "end-reload/FluidSupportProviderImpl/" done in 11.90 μs
[21:11:17] [main/TRACE] [REI] [END] Reloading Section: "end-reload/" done in 5.393 ms
[21:11:17] [main/TRACE] [REI] [END] Reloading Section: "start-reload/"
[21:11:17] [main/TRACE] [REI] [END] Reloading Section: "start-reload/MenuInfoRegistryImpl/"
[21:11:17] [main/TRACE] [REI] [END] Reloading Section: "start-reload/MenuInfoRegistryImpl/" done in 41.30 μs
[21:11:17] [main/TRACE] [REI] [END] Reloading Section: "start-reload/" done in 266.6 μs
[21:11:17] [main/INFO] [REI] Reloading Plugin Manager [REIServerPlugin] stage [END], registered 3 plugins: DefaultRuntimePlugin of DefaultRuntimePlugin [roughlyenoughitems], FabricFluidAPISupportPlugin, DefaultPlugin of DefaultPlugin [roughlyenoughitems]
[21:11:17] [main/TRACE] [REI] [END] Reloading Section: "reloadable-plugin/MenuInfoRegistryImpl/"
[21:11:17] [main/TRACE] [REI] [END] Reloading Section: "reloadable-plugin/MenuInfoRegistryImpl/DefaultPlugin of DefaultPlugin [roughlyenoughitems]/"
[21:11:17] [main/DEBUG] [REI] Added menu info for class net.minecraft.class_1714 [minecraft:plugins/crafting]: me.shedaniel.rei.api.common.transfer.info.simple.SimpleMenuInfoProvider$$Lambda$9761/0x0000000801b43b28@2a72d0e2
[21:11:17] [main/DEBUG] [REI] Added menu info for class net.minecraft.class_1723 [minecraft:plugins/crafting]: me.shedaniel.rei.api.common.transfer.info.simple.SimpleMenuInfoProvider$$Lambda$9761/0x0000000801b43b28@719a0aab
[21:11:17] [main/DEBUG] [REI] Added menu info for class net.minecraft.class_3858 [minecraft:plugins/smelting]: me.shedaniel.rei.api.common.transfer.info.simple.SimpleMenuInfoProvider$$Lambda$9761/0x0000000801b43b28@3c6eab9e
[21:11:17] [main/DEBUG] [REI] Added menu info for class net.minecraft.class_3706 [minecraft:plugins/smoking]: me.shedaniel.rei.api.common.transfer.info.simple.SimpleMenuInfoProvider$$Lambda$9761/0x0000000801b43b28@3fdb6a98
[21:11:17] [main/DEBUG] [REI] Added menu info for class net.minecraft.class_3705 [minecraft:plugins/blasting]: me.shedaniel.rei.api.common.transfer.info.simple.SimpleMenuInfoProvider$$Lambda$9761/0x0000000801b43b28@22aa2687
[21:11:17] [main/TRACE] [REI] [END] Reloading Section: "reloadable-plugin/MenuInfoRegistryImpl/DefaultPlugin of DefaultPlugin [roughlyenoughitems]/" done in 18.81 ms
[21:11:17] [main/TRACE] [REI] [END] Reloading Section: "reloadable-plugin/MenuInfoRegistryImpl/FabricFluidAPISupportPlugin/"
[21:11:17] [main/TRACE] [REI] [END] Reloading Section: "reloadable-plugin/MenuInfoRegistryImpl/FabricFluidAPISupportPlugin/" done in 30.60 μs
[21:11:17] [main/TRACE] [REI] [END] Reloading Section: "reloadable-plugin/MenuInfoRegistryImpl/DefaultRuntimePlugin of DefaultRuntimePlugin [roughlyenoughitems]/"
[21:11:17] [main/TRACE] [REI] [END] Reloading Section: "reloadable-plugin/MenuInfoRegistryImpl/DefaultRuntimePlugin of DefaultRuntimePlugin [roughlyenoughitems]/" done in 26.80 μs
[21:11:17] [main/TRACE] [REI] [END] Reloading Section: "reloadable-plugin/MenuInfoRegistryImpl/" done in 19.68 ms
[21:11:17] [main/TRACE] [REI] [END] Reloading Section: "end-reload/"
[21:11:17] [main/TRACE] [REI] [END] Reloading Section: "end-reload/MenuInfoRegistryImpl/"
[21:11:17] [main/DEBUG] [REI] Registered 4 menu infos
[21:11:17] [main/TRACE] [REI] [END] Reloading Section: "end-reload/MenuInfoRegistryImpl/" done in 374.7 μs
[21:11:17] [main/TRACE] [REI] [END] Reloading Section: "end-reload/" done in 2.057 ms
[21:11:17] [main/TRACE] [REI] [END] Reloading Section: "post-register/"
[21:11:17] [main/TRACE] [REI] [END] Reloading Section: "post-register/DefaultPlugin of DefaultPlugin [roughlyenoughitems]/"
[21:11:17] [main/TRACE] [REI] [END] Reloading Section: "post-register/DefaultPlugin of DefaultPlugin [roughlyenoughitems]/" done in 28.90 μs
[21:11:17] [main/TRACE] [REI] [END] Reloading Section: "post-register/FabricFluidAPISupportPlugin/"
[21:11:17] [main/TRACE] [REI] [END] Reloading Section: "post-register/FabricFluidAPISupportPlugin/" done in 18.00 μs
[21:11:17] [main/TRACE] [REI] [END] Reloading Section: "post-register/DefaultRuntimePlugin of DefaultRuntimePlugin [roughlyenoughitems]/"
[21:11:17] [main/TRACE] [REI] [END] Reloading Section: "post-register/DefaultRuntimePlugin of DefaultRuntimePlugin [roughlyenoughitems]/" done in 13.40 μs
[21:11:17] [main/TRACE] [REI] [END] Reloading Section: "post-register/" done in 754.0 μs
[21:11:17] [main/INFO] [REI] Reloaded Plugin Manager [REIPlugin] with 3 plugins in 178.7 ms.
[21:11:17] [main/TRACE] [REI] [END] Reloading Section: "post-register/"
[21:11:17] [main/TRACE] [REI] [END] Reloading Section: "post-register/DefaultPlugin of DefaultPlugin [roughlyenoughitems]/"
[21:11:17] [main/TRACE] [REI] [END] Reloading Section: "post-register/DefaultPlugin of DefaultPlugin [roughlyenoughitems]/" done in 22.60 μs
[21:11:17] [main/TRACE] [REI] [END] Reloading Section: "post-register/FabricFluidAPISupportPlugin/"
[21:11:17] [main/TRACE] [REI] [END] Reloading Section: "post-register/FabricFluidAPISupportPlugin/" done in 19.60 μs
[21:11:17] [main/TRACE] [REI] [END] Reloading Section: "post-register/DefaultRuntimePlugin of DefaultRuntimePlugin [roughlyenoughitems]/"
[21:11:17] [main/TRACE] [REI] [END] Reloading Section: "post-register/DefaultRuntimePlugin of DefaultRuntimePlugin [roughlyenoughitems]/" done in 17.50 μs
[21:11:17] [main/TRACE] [REI] [END] Reloading Section: "post-register/" done in 877.0 μs
[21:11:17] [main/INFO] [REI] Reloaded Plugin Manager [REIServerPlugin] with 3 plugins in 28.57 ms.
